<?xml version="1.0" encoding="UTF-8"?>
<!-- Generated by org.testng.reporters.JUnitReportReporter -->
<testsuite skipped="0" hostname="RAJ" name="com.orangehrm.qa.test.OHRMLoginPageTest" tests="1" failures="0" timestamp="2019-11-12T17:10:01 IST" time="17.503" errors="0">
  <testcase name="Login_Test" time="17.503" classname="com.orangehrm.qa.test.OHRMLoginPageTest"/>
</testsuite> <!-- com.orangehrm.qa.test.OHRMLoginPageTest -->
